  Origine.cpp
  Sudoku.cpp
D:\SIGURAT\git hub\SUD0KU\SUDOKU\SUDOKU\Sudoku.h(14,6): error C2461: 'Sudoku': sintassi del costruttore priva di parametri formali
D:\SIGURAT\git hub\SUD0KU\SUDOKU\SUDOKU\Sudoku.cpp(5,12): error C2059: errore di sintassi: '['
D:\SIGURAT\git hub\SUD0KU\SUDOKU\SUDOKU\Sudoku.cpp(6,2): error C2143: errore di sintassi: ';' mancante prima di '{'
  Generazione del codice in corso...
